<?xml version="1.0" encoding="UTF-8"?>
<testsuite name="com.vieirapcm.calculator.CalculatorApplicationTests" tests="1" skipped="0" failures="0" errors="0" timestamp="2020-08-12T18:15:58" hostname="pedro" time="0.523">
  <properties/>
  <testcase name="contextLoads()" classname="com.vieirapcm.calculator.CalculatorApplicationTests" time="0.523"/>
  <system-out><![CDATA[15:15:51.766 [Test worker] DEBUG org.springframework.test.context.BootstrapUtils - Instantiating CacheAwareContextLoaderDelegate from class [org.springframework.test.context.cache.DefaultCacheAwareContextLoaderDelegate]
15:15:51.808 [Test worker] DEBUG org.springframework.test.context.BootstrapUtils - Instantiating BootstrapContext using constructor [public org.springframework.test.context.support.DefaultBootstrapContext(java.lang.Class,org.springframework.test.context.CacheAwareContextLoaderDelegate)]
15:15:51.940 [Test worker] DEBUG org.springframework.test.context.BootstrapUtils - Instantiating TestContextBootstrapper for test class [com.vieirapcm.calculator.CalculatorApplicationTests] from class [org.springframework.boot.test.context.SpringBootTestContextBootstrapper]
15:15:51.974 [Test worker] INFO org.springframework.boot.test.context.SpringBootTestContextBootstrapper - Neither @ContextConfiguration nor @ContextHierarchy found for test class [com.vieirapcm.calculator.CalculatorApplicationTests], using SpringBootContextLoader
15:15:51.984 [Test worker] DEBUG org.springframework.test.context.support.AbstractContextLoader - Did not detect default resource location for test class [com.vieirapcm.calculator.CalculatorApplicationTests]: class path resource [com/vieirapcm/calculator/CalculatorApplicationTests-context.xml] does not exist
15:15:51.985 [Test worker] DEBUG org.springframework.test.context.support.AbstractContextLoader - Did not detect default resource location for test class [com.vieirapcm.calculator.CalculatorApplicationTests]: class path resource [com/vieirapcm/calculator/CalculatorApplicationTestsContext.groovy] does not exist
15:15:51.985 [Test worker] INFO org.springframework.test.context.support.AbstractContextLoader - Could not detect default resource locations for test class [com.vieirapcm.calculator.CalculatorApplicationTests]: no resource found for suffixes {-context.xml, Context.groovy}.
15:15:51.987 [Test worker] INFO org.springframework.test.context.support.AnnotationConfigContextLoaderUtils - Could not detect default configuration classes for test class [com.vieirapcm.calculator.CalculatorApplicationTests]: CalculatorApplicationTests does not declare any static, non-private, non-final, nested classes annotated with @Configuration.
15:15:52.063 [Test worker] DEBUG org.springframework.test.context.support.ActiveProfilesUtils - Could not find an 'annotation declaring class' for annotation type [org.springframework.test.context.ActiveProfiles] and class [com.vieirapcm.calculator.CalculatorApplicationTests]
15:15:52.213 [Test worker] DEBUG org.springframework.context.annotation.ClassPathScanningCandidateComponentProvider - Identified candidate component class: file [/home/pedromelo/Documents/projects/calculator/build/classes/java/main/com/vieirapcm/calculator/CalculatorApplication.class]
15:15:52.230 [Test worker] INFO org.springframework.boot.test.context.SpringBootTestContextBootstrapper - Found @SpringBootConfiguration com.vieirapcm.calculator.CalculatorApplication for test class com.vieirapcm.calculator.CalculatorApplicationTests
15:15:52.698 [Test worker] DEBUG org.springframework.boot.test.context.SpringBootTestContextBootstrapper - @TestExecutionListeners is not present for class [com.vieirapcm.calculator.CalculatorApplicationTests]: using defaults.
15:15:52.700 [Test worker] INFO org.springframework.boot.test.context.SpringBootTestContextBootstrapper - Loaded default TestExecutionListener class names from location [META-INF/spring.factories]: [org.springframework.boot.test.autoconfigure.restdocs.RestDocsTestExecutionListener, org.springframework.boot.test.autoconfigure.web.client.MockRestServiceServerResetTestExecutionListener, org.springframework.boot.test.autoconfigure.web.servlet.MockMvcPrintOnlyOnFailureTestExecutionListener, org.springframework.boot.test.autoconfigure.web.servlet.WebDriverTestExecutionListener, org.springframework.boot.test.autoconfigure.webservices.client.MockWebServiceServerTestExecutionListener, org.springframework.boot.test.mock.mockito.MockitoTestExecutionListener, org.springframework.boot.test.mock.mockito.ResetMocksTestExecutionListener, org.springframework.test.context.web.ServletTestExecutionListener, org.springframework.test.context.support.DirtiesContextBeforeModesTestExecutionListener, org.springframework.test.context.support.DependencyInjectionTestExecutionListener, org.springframework.test.context.support.DirtiesContextTestExecutionListener, org.springframework.test.context.transaction.TransactionalTestExecutionListener, org.springframework.test.context.jdbc.SqlScriptsTestExecutionListener, org.springframework.test.context.event.EventPublishingTestExecutionListener]
15:15:52.745 [Test worker] DEBUG org.springframework.boot.test.context.SpringBootTestContextBootstrapper - Skipping candidate TestExecutionListener [org.springframework.test.context.transaction.TransactionalTestExecutionListener] due to a missing dependency. Specify custom listener classes or make the default listener classes and their required dependencies available. Offending class: [org/springframework/transaction/TransactionDefinition]
15:15:52.746 [Test worker] DEBUG org.springframework.boot.test.context.SpringBootTestContextBootstrapper - Skipping candidate TestExecutionListener [org.springframework.test.context.jdbc.SqlScriptsTestExecutionListener] due to a missing dependency. Specify custom listener classes or make the default listener classes and their required dependencies available. Offending class: [org/springframework/transaction/interceptor/TransactionAttribute]
15:15:52.747 [Test worker] INFO org.springframework.boot.test.context.SpringBootTestContextBootstrapper - Using TestExecutionListeners: [org.springframework.test.context.web.ServletTestExecutionListener@7d653ae, org.springframework.test.context.support.DirtiesContextBeforeModesTestExecutionListener@5e24ed13, org.springframework.boot.test.mock.mockito.MockitoTestExecutionListener@34e775fb, org.springframework.boot.test.autoconfigure.SpringBootDependencyInjectionTestExecutionListener@55cc22a8, org.springframework.test.context.support.DirtiesContextTestExecutionListener@6032409c, org.springframework.test.context.event.EventPublishingTestExecutionListener@190765fc, org.springframework.boot.test.autoconfigure.restdocs.RestDocsTestExecutionListener@1640938a, org.springframework.boot.test.autoconfigure.web.client.MockRestServiceServerResetTestExecutionListener@22ad3a88, org.springframework.boot.test.autoconfigure.web.servlet.MockMvcPrintOnlyOnFailureTestExecutionListener@50e9b8e1, org.springframework.boot.test.autoconfigure.web.servlet.WebDriverTestExecutionListener@72630f85, org.springframework.boot.test.autoconfigure.webservices.client.MockWebServiceServerTestExecutionListener@602d1e80, org.springframework.boot.test.mock.mockito.ResetMocksTestExecutionListener@2b9f0177]
15:15:52.771 [Test worker] DEBUG org.springframework.test.context.support.AbstractDirtiesContextTestExecutionListener - Before test class: context [DefaultTestContext@1f06ed0 testClass = CalculatorApplicationTests, testInstance = [null], testMethod = [null], testException = [null], mergedContextConfiguration = [WebMergedContextConfiguration@5591d80d testClass = CalculatorApplicationTests, locations = '{}', classes = '{class com.vieirapcm.calculator.CalculatorApplication}', contextInitializerClasses = '[]', activeProfiles = '{}', propertySourceLocations = '{}', propertySourceProperties = '{org.springframework.boot.test.context.SpringBootTestContextBootstrapper=true}', contextCustomizers = set[org.springframework.boot.test.autoconfigure.properties.PropertyMappingContextCustomizer@0, org.springframework.boot.test.autoconfigure.web.servlet.WebDriverContextCustomizerFactory$Customizer@4eb5171, org.springframework.boot.test.context.filter.ExcludeFilterContextCustomizer@3565bef4, org.springframework.boot.test.json.DuplicateJsonObjectContextCustomizerFactory$DuplicateJsonObjectContextCustomizer@32e42216, org.springframework.boot.test.mock.mockito.MockitoContextCustomizer@0, org.springframework.boot.test.web.client.TestRestTemplateContextCustomizer@453d7e4e, org.springframework.boot.test.context.SpringBootTestArgs@1], resourceBasePath = 'src/main/webapp', contextLoader = 'org.springframework.boot.test.context.SpringBootContextLoader', parent = [null]], attributes = map['org.springframework.test.context.web.ServletTestExecutionListener.activateListener' -> true]], class annotated with @DirtiesContext [false] with mode [null].
15:15:52.839 [Test worker] DEBUG org.springframework.test.context.support.TestPropertySourceUtils - Adding inlined properties to environment: {spring.jmx.enabled=false, org.springframework.boot.test.context.SpringBootTestContextBootstrapper=true}

  .   ____          _            __ _ _
 /\\ / ___'_ __ _ _(_)_ __  __ _ \ \ \ \
( ( )\___ | '_ | '_| | '_ \/ _` | \ \ \ \
 \\/  ___)| |_)| | | | | || (_| |  ) ) ) )
  '  |____| .__|_| |_|_| |_\__, | / / / /
 =========|_|==============|___/=/_/_/_/
 :: Spring Boot ::        (v2.3.2.RELEASE)

2020-08-12 15:15:54.335  INFO 31430 --- [    Test worker] c.v.c.CalculatorApplicationTests         : Starting CalculatorApplicationTests on pedro with PID 31430 (started by pedromelo in /home/pedromelo/Documents/projects/calculator)
2020-08-12 15:15:54.339  INFO 31430 --- [    Test worker] c.v.c.CalculatorApplicationTests         : No active profile set, falling back to default profiles: default
2020-08-12 15:15:58.002  INFO 31430 --- [    Test worker] o.s.s.concurrent.ThreadPoolTaskExecutor  : Initializing ExecutorService 'applicationTaskExecutor'
2020-08-12 15:15:58.753  INFO 31430 --- [    Test worker] c.v.c.CalculatorApplicationTests         : Started CalculatorApplicationTests in 5.394 seconds (JVM running for 9.795)
]]></system-out>
  <system-err><![CDATA[]]></system-err>
</testsuite>
