<?xml version="1.0" encoding="UTF-8"?>
<testsuite name="com.vieirapcm.calculator.CalculatorApplicationTests" tests="1" skipped="0" failures="0" errors="0" timestamp="2020-08-16T01:40:15" hostname="pedro" time="0.25">
  <properties/>
  <testcase name="contextLoads()" classname="com.vieirapcm.calculator.CalculatorApplicationTests" time="0.25"/>
  <system-out><![CDATA[22:40:11.897 [Test worker] DEBUG org.springframework.test.context.BootstrapUtils - Instantiating CacheAwareContextLoaderDelegate from class [org.springframework.test.context.cache.DefaultCacheAwareContextLoaderDelegate]
22:40:11.933 [Test worker] DEBUG org.springframework.test.context.BootstrapUtils - Instantiating BootstrapContext using constructor [public org.springframework.test.context.support.DefaultBootstrapContext(java.lang.Class,org.springframework.test.context.CacheAwareContextLoaderDelegate)]
22:40:12.022 [Test worker] DEBUG org.springframework.test.context.BootstrapUtils - Instantiating TestContextBootstrapper for test class [com.vieirapcm.calculator.CalculatorApplicationTests] from class [org.springframework.boot.test.context.SpringBootTestContextBootstrapper]
22:40:12.055 [Test worker] INFO org.springframework.boot.test.context.SpringBootTestContextBootstrapper - Neither @ContextConfiguration nor @ContextHierarchy found for test class [com.vieirapcm.calculator.CalculatorApplicationTests], using SpringBootContextLoader
22:40:12.065 [Test worker] DEBUG org.springframework.test.context.support.AbstractContextLoader - Did not detect default resource location for test class [com.vieirapcm.calculator.CalculatorApplicationTests]: class path resource [com/vieirapcm/calculator/CalculatorApplicationTests-context.xml] does not exist
22:40:12.066 [Test worker] DEBUG org.springframework.test.context.support.AbstractContextLoader - Did not detect default resource location for test class [com.vieirapcm.calculator.CalculatorApplicationTests]: class path resource [com/vieirapcm/calculator/CalculatorApplicationTestsContext.groovy] does not exist
22:40:12.066 [Test worker] INFO org.springframework.test.context.support.AbstractContextLoader - Could not detect default resource locations for test class [com.vieirapcm.calculator.CalculatorApplicationTests]: no resource found for suffixes {-context.xml, Context.groovy}.
22:40:12.068 [Test worker] INFO org.springframework.test.context.support.AnnotationConfigContextLoaderUtils - Could not detect default configuration classes for test class [com.vieirapcm.calculator.CalculatorApplicationTests]: CalculatorApplicationTests does not declare any static, non-private, non-final, nested classes annotated with @Configuration.
22:40:12.146 [Test worker] DEBUG org.springframework.test.context.support.ActiveProfilesUtils - Could not find an 'annotation declaring class' for annotation type [org.springframework.test.context.ActiveProfiles] and class [com.vieirapcm.calculator.CalculatorApplicationTests]
22:40:12.293 [Test worker] DEBUG org.springframework.context.annotation.ClassPathScanningCandidateComponentProvider - Identified candidate component class: file [/home/pedromelo/Documents/projects/calculator/build/classes/java/main/com/vieirapcm/calculator/CalculatorApplication.class]
22:40:12.309 [Test worker] INFO org.springframework.boot.test.context.SpringBootTestContextBootstrapper - Found @SpringBootConfiguration com.vieirapcm.calculator.CalculatorApplication for test class com.vieirapcm.calculator.CalculatorApplicationTests
22:40:12.548 [Test worker] DEBUG org.springframework.boot.test.context.SpringBootTestContextBootstrapper - @TestExecutionListeners is not present for class [com.vieirapcm.calculator.CalculatorApplicationTests]: using defaults.
22:40:12.549 [Test worker] INFO org.springframework.boot.test.context.SpringBootTestContextBootstrapper - Loaded default TestExecutionListener class names from location [META-INF/spring.factories]: [org.springframework.boot.test.autoconfigure.restdocs.RestDocsTestExecutionListener, org.springframework.boot.test.autoconfigure.web.client.MockRestServiceServerResetTestExecutionListener, org.springframework.boot.test.autoconfigure.web.servlet.MockMvcPrintOnlyOnFailureTestExecutionListener, org.springframework.boot.test.autoconfigure.web.servlet.WebDriverTestExecutionListener, org.springframework.boot.test.autoconfigure.webservices.client.MockWebServiceServerTestExecutionListener, org.springframework.boot.test.mock.mockito.MockitoTestExecutionListener, org.springframework.boot.test.mock.mockito.ResetMocksTestExecutionListener, org.springframework.test.context.web.ServletTestExecutionListener, org.springframework.test.context.support.DirtiesContextBeforeModesTestExecutionListener, org.springframework.test.context.support.DependencyInjectionTestExecutionListener, org.springframework.test.context.support.DirtiesContextTestExecutionListener, org.springframework.test.context.transaction.TransactionalTestExecutionListener, org.springframework.test.context.jdbc.SqlScriptsTestExecutionListener, org.springframework.test.context.event.EventPublishingTestExecutionListener]
22:40:12.569 [Test worker] DEBUG org.springframework.boot.test.context.SpringBootTestContextBootstrapper - Skipping candidate TestExecutionListener [org.springframework.test.context.transaction.TransactionalTestExecutionListener] due to a missing dependency. Specify custom listener classes or make the default listener classes and their required dependencies available. Offending class: [org/springframework/transaction/TransactionDefinition]
22:40:12.570 [Test worker] DEBUG org.springframework.boot.test.context.SpringBootTestContextBootstrapper - Skipping candidate TestExecutionListener [org.springframework.test.context.jdbc.SqlScriptsTestExecutionListener] due to a missing dependency. Specify custom listener classes or make the default listener classes and their required dependencies available. Offending class: [org/springframework/transaction/interceptor/TransactionAttribute]
22:40:12.571 [Test worker] INFO org.springframework.boot.test.context.SpringBootTestContextBootstrapper - Using TestExecutionListeners: [org.springframework.test.context.web.ServletTestExecutionListener@444defcf, org.springframework.test.context.support.DirtiesContextBeforeModesTestExecutionListener@781f9fec, org.springframework.boot.test.mock.mockito.MockitoTestExecutionListener@3889b9a4, org.springframework.boot.test.autoconfigure.SpringBootDependencyInjectionTestExecutionListener@6ca679c3, org.springframework.test.context.support.DirtiesContextTestExecutionListener@47bec00f, org.springframework.test.context.event.EventPublishingTestExecutionListener@43dac7eb, org.springframework.boot.test.autoconfigure.restdocs.RestDocsTestExecutionListener@366b12ad, org.springframework.boot.test.autoconfigure.web.client.MockRestServiceServerResetTestExecutionListener@69dc0dc2, org.springframework.boot.test.autoconfigure.web.servlet.MockMvcPrintOnlyOnFailureTestExecutionListener@5853064e, org.springframework.boot.test.autoconfigure.web.servlet.WebDriverTestExecutionListener@4d237730, org.springframework.boot.test.autoconfigure.webservices.client.MockWebServiceServerTestExecutionListener@2333ea43, org.springframework.boot.test.mock.mockito.ResetMocksTestExecutionListener@2a0841fa]
22:40:12.578 [Test worker] DEBUG org.springframework.test.context.support.AbstractDirtiesContextTestExecutionListener - Before test class: context [DefaultTestContext@7cecf279 testClass = CalculatorApplicationTests, testInstance = [null], testMethod = [null], testException = [null], mergedContextConfiguration = [WebMergedContextConfiguration@56e69588 testClass = CalculatorApplicationTests, locations = '{}', classes = '{class com.vieirapcm.calculator.CalculatorApplication}', contextInitializerClasses = '[]', activeProfiles = '{}', propertySourceLocations = '{}', propertySourceProperties = '{org.springframework.boot.test.context.SpringBootTestContextBootstrapper=true}', contextCustomizers = set[org.springframework.boot.test.autoconfigure.properties.PropertyMappingContextCustomizer@0, org.springframework.boot.test.autoconfigure.web.servlet.WebDriverContextCustomizerFactory$Customizer@27036263, org.springframework.boot.test.context.filter.ExcludeFilterContextCustomizer@62af9844, org.springframework.boot.test.json.DuplicateJsonObjectContextCustomizerFactory$DuplicateJsonObjectContextCustomizer@738dd2a3, org.springframework.boot.test.mock.mockito.MockitoContextCustomizer@0, org.springframework.boot.test.web.client.TestRestTemplateContextCustomizer@74c4d896, org.springframework.boot.test.context.SpringBootTestArgs@1], resourceBasePath = 'src/main/webapp', contextLoader = 'org.springframework.boot.test.context.SpringBootContextLoader', parent = [null]], attributes = map['org.springframework.test.context.web.ServletTestExecutionListener.activateListener' -> true]], class annotated with @DirtiesContext [false] with mode [null].
22:40:12.636 [Test worker] DEBUG org.springframework.test.context.support.TestPropertySourceUtils - Adding inlined properties to environment: {spring.jmx.enabled=false, org.springframework.boot.test.context.SpringBootTestContextBootstrapper=true}

  .   ____          _            __ _ _
 /\\ / ___'_ __ _ _(_)_ __  __ _ \ \ \ \
( ( )\___ | '_ | '_| | '_ \/ _` | \ \ \ \
 \\/  ___)| |_)| | | | | || (_| |  ) ) ) )
  '  |____| .__|_| |_|_| |_\__, | / / / /
 =========|_|==============|___/=/_/_/_/
 :: Spring Boot ::        (v2.3.2.RELEASE)

2020-08-15 22:40:13.174  INFO 11929 --- [    Test worker] c.v.c.CalculatorApplicationTests         : Starting CalculatorApplicationTests on pedro with PID 11929 (started by pedromelo in /home/pedromelo/Documents/projects/calculator)
2020-08-15 22:40:13.177  INFO 11929 --- [    Test worker] c.v.c.CalculatorApplicationTests         : No active profile set, falling back to default profiles: default
2020-08-15 22:40:14.838  INFO 11929 --- [    Test worker] o.s.s.concurrent.ThreadPoolTaskExecutor  : Initializing ExecutorService 'applicationTaskExecutor'
2020-08-15 22:40:15.327  INFO 11929 --- [    Test worker] c.v.c.CalculatorApplicationTests         : Started CalculatorApplicationTests in 2.672 seconds (JVM running for 5.092)
]]></system-out>
  <system-err><![CDATA[]]></system-err>
</testsuite>
